#
# There is insufficient memory for the Java Runtime Environment to continue.
# Native memory allocation (malloc) failed to allocate 225296 bytes for Chunk::new
# Possible reasons:
#   The system is out of physical RAM or swap space
#   In 32 bit mode, the process size limit was hit
# Possible solutions:
#   Reduce memory load on the system
#   Increase physical memory or swap space
#   Check if swap backing store is full
#   Use 64 bit Java on a 64 bit OS
#   Decrease Java heap size (-Xmx/-Xms)
#   Decrease number of Java threads
#   Decrease Java thread stack sizes (-Xss)
#   Set larger code cache with -XX:ReservedCodeCacheSize=
# This output file may be truncated or incomplete.
#
#  Out of Memory Error (allocation.cpp:390), pid=17592, tid=0x0000000000004160
#
# JRE version: OpenJDK Runtime Environment (8.0_112-b06) (build 1.8.0_112-release-b06)
# Java VM: OpenJDK 64-Bit Server VM (25.112-b06 mixed mode windows-amd64 compressed oops)
# Failed to write core dump. Minidumps are not enabled by default on client versions of Windows
#

---------------  T H R E A D  ---------------

Current thread (0x00000000561c5800):  JavaThread "C2 CompilerThread1" daemon [_thread_in_native, id=16736, stack(0x0000000057980000,0x0000000057a80000)]

Stack: [0x0000000057980000,0x0000000057a80000]
[error occurred during error reporting (printing stack bounds), id 0xc0000005]

Native frames: (J=compiled Java code, j=interpreted, Vv=VM code, C=native code)


Current CompileTask:
C2:4384068 13368       4       com.sun.tools.javac.jvm.ClassReader::sigToType (880 bytes)


---------------  P R O C E S S  ---------------

Java Threads: ( => current thread )
  0x000000005b850000 JavaThread "pool-10-thread-4" [_thread_blocked, id=13784, stack(0x0000000064ed0000,0x0000000064fd0000)]
  0x000000005b84c000 JavaThread "pool-10-thread-3" [_thread_blocked, id=17032, stack(0x0000000064d70000,0x0000000064e70000)]
  0x000000005b850800 JavaThread "pool-10-thread-2" [_thread_blocked, id=10176, stack(0x0000000064bb0000,0x0000000064cb0000)]
  0x000000005b84b800 JavaThread "pool-10-thread-1" [_thread_blocked, id=7740, stack(0x000000005caf0000,0x000000005cbf0000)]
  0x000000005b84e800 JavaThread "Cache update executor" [_thread_blocked, id=14240, stack(0x000000005cfa0000,0x000000005d0a0000)]
  0x000000005ae69000 JavaThread "Stdin handler" [_thread_blocked, id=10476, stack(0x00000000601f0000,0x00000000602f0000)]
  0x000000005ae67800 JavaThread "Asynchronous log dispatcher for DefaultDaemonConnection: socket connection from /127.0.0.1:59435 to /127.0.0.1:49605" [_thread_blocked, id=18060, stack(0x0000000063b60000,0x0000000063c60000)]
  0x000000005ae6a000 JavaThread "Daemon worker Thread 4" [_thread_in_Java, id=14580, stack(0x000000005c360000,0x000000005c460000)]
  0x000000005ae67000 JavaThread "Cancel handler" [_thread_blocked, id=5420, stack(0x000000005a0c0000,0x000000005a1c0000)]
  0x000000005ae68800 JavaThread "Handler for socket connection from /127.0.0.1:59435 to /127.0.0.1:49605" [_thread_in_native, id=14324, stack(0x000000005cea0000,0x000000005cfa0000)]
  0x000000005ae66000 JavaThread "Daemon Thread 4" [_thread_blocked, id=15540, stack(0x000000005cd40000,0x000000005ce40000)]
  0x000000005aa09800 JavaThread "File lock request listener" [_thread_in_native, id=15484, stack(0x000000005d540000,0x000000005d640000)]
  0x000000005891c000 JavaThread "pool-1-thread-1" [_thread_blocked, id=12328, stack(0x000000005cc10000,0x000000005cd10000)]
  0x000000005a90d000 JavaThread "Incoming local TCP Connector on port 59435" [_thread_in_native, id=11080, stack(0x000000005c510000,0x000000005c610000)]
  0x0000000057aea000 JavaThread "Service Thread" daemon [_thread_blocked, id=15804, stack(0x0000000058160000,0x0000000058260000)]
  0x0000000057a80800 JavaThread "C1 CompilerThread2" daemon [_thread_blocked, id=13284, stack(0x0000000057f80000,0x0000000058080000)]
=>0x00000000561c5800 JavaThread "C2 CompilerThread1" daemon [_thread_in_native, id=16736, stack(0x0000000057980000,0x0000000057a80000)]
  0x00000000561bd800 JavaThread "C2 CompilerThread0" daemon [_thread_in_native, id=1952, stack(0x0000000057850000,0x0000000057950000)]
  0x00000000561ce800 JavaThread "Attach Listener" daemon [_thread_blocked, id=10276, stack(0x0000000057640000,0x0000000057740000)]
  0x00000000561cd800 JavaThread "Signal Dispatcher" daemon [_thread_blocked, id=14896, stack(0x0000000057130000,0x0000000057230000)]
  0x00000000561a7800 JavaThread "Finalizer" daemon [_thread_blocked, id=14816, stack(0x0000000057510000,0x0000000057610000)]
  0x0000000056160000 JavaThread "Reference Handler" daemon [_thread_blocked, id=15352, stack(0x00000000573e0000,0x00000000574e0000)]
  0x0000000001fbe000 JavaThread "main" [_thread_blocked, id=13032, stack(0x00000000022d0000,0x00000000023d0000)]

Other Threads:
  0x0000000056158800 VMThread [stack: 0x0000000057260000,0x0000000057360000] [id=18024]
  0x0000000057aeb800 WatcherThread [stack: 0x0000000058380000,0x0000000058480000] [id=7344]

VM state:not at safepoint (normal execution)

VM Mutex/Monitor currently owned by a thread: None

Heap:
 PSYoungGen      total 488448K, used 230611K [0x00000000e0000000, 0x0000000100000000, 0x0000000100000000)
  eden space 461824K, 44% used [0x00000000e0000000,0x00000000ec746a30,0x00000000fc300000)
  from space 26624K, 99% used [0x00000000fc300000,0x00000000fdcee230,0x00000000fdd00000)
  to   space 34304K, 0% used [0x00000000fde80000,0x00000000fde80000,0x0000000100000000)
 ParOldGen       total 110592K, used 48677K [0x00000000a0000000, 0x00000000a6c00000, 0x00000000e0000000)
  object space 110592K, 44% used [0x00000000a0000000,0x00000000a2f89788,0x00000000a6c00000)
 Metaspace       used 68708K, capacity 72188K, committed 72408K, reserved 1112064K
  class space    used 8970K, capacity 9602K, committed 9728K, reserved 1048576K

Card table byte_map: [0x0000000011a60000,0x0000000011d70000] byte_map_base: 0x0000000011560000

Marking Bits: (ParMarkBitMap*) 0x00000000645218f0
 Begin Bits: [0x00000000124d0000, 0x0000000013cd0000)
 End Bits:   [0x0000000013cd0000, 0x00000000154d0000)

Polling page: 0x00000000001e0000

CodeCache: size=245760Kb used=38584Kb max_used=38592Kb free=207175Kb
 bounds [0x00000000026a0000, 0x0000000004c90000, 0x00000000116a0000]
 total_blobs=11741 nmethods=10959 adapters=693
 compilation: enabled

Compilation events (10 events):
Event: 4382.413 Thread 0x00000000561c5800 13367       4       com.sun.tools.javac.util.Assert::check (8 bytes)
Event: 4382.413 Thread 0x00000000561c5800 nmethod 13367 0x0000000004c65bd0 code [0x0000000004c65d00, 0x0000000004c65d58]
Event: 4382.688 Thread 0x00000000561bd800 nmethod 13221% 0x0000000004c7bd50 code [0x0000000004c7c1a0, 0x0000000004c7f490]
Event: 4382.939 Thread 0x00000000561c5800 13368       4       com.sun.tools.javac.jvm.ClassReader::sigToType (880 bytes)
Event: 4382.941 Thread 0x0000000057a80800 13369       3       com.sun.tools.javac.code.Types::erasure (19 bytes)
Event: 4382.941 Thread 0x0000000057a80800 nmethod 13369 0x0000000004c71650 code [0x0000000004c71820, 0x0000000004c72008]
Event: 4382.942 Thread 0x0000000057a80800 13370       3       com.sun.tools.javac.code.Scope::<init> (58 bytes)
Event: 4382.943 Thread 0x0000000057a80800 nmethod 13370 0x0000000004c7b490 code [0x0000000004c7b620, 0x0000000004c7bac8]
Event: 4382.946 Thread 0x0000000057a80800 13371       3       com.sun.tools.javac.util.Convert::utf2chars (135 bytes)
Event: 4382.946 Thread 0x00000000561bd800 13372       4       com.sun.tools.javac.jvm.ClassReader::readPool (504 bytes)

GC Heap History (10 events):
Event: 32.946 GC heap before
{Heap before GC invocations=10 (full 2):
 PSYoungGen      total 195072K, used 195044K [0x00000000e0000000, 0x00000000f6580000, 0x0000000100000000)
  eden space 180736K, 100% used [0x00000000e0000000,0x00000000eb080000,0x00000000eb080000)
  from space 14336K, 99% used [0x00000000eb080000,0x00000000ebe793b0,0x00000000ebe80000)
  to   space 18432K, 0% used [0x00000000f5380000,0x00000000f5380000,0x00000000f6580000)
 ParOldGen       total 72192K, used 17263K [0x00000000a0000000, 0x00000000a4680000, 0x00000000e0000000)
  object space 72192K, 23% used [0x00000000a0000000,0x00000000a10dbfc0,0x00000000a4680000)
 Metaspace       used 53313K, capacity 55560K, committed 55680K, reserved 1097728K
  class space    used 7295K, capacity 7755K, committed 7808K, reserved 1048576K
Event: 33.159 GC heap after
Heap after GC invocations=10 (full 2):
 PSYoungGen      total 338944K, used 18425K [0x00000000e0000000, 0x00000000f7100000, 0x0000000100000000)
  eden space 320512K, 0% used [0x00000000e0000000,0x00000000e0000000,0x00000000f3900000)
  from space 18432K, 99% used [0x00000000f5380000,0x00000000f657e458,0x00000000f6580000)
  to   space 27136K, 0% used [0x00000000f3900000,0x00000000f3900000,0x00000000f5380000)
 ParOldGen       total 72192K, used 31400K [0x00000000a0000000, 0x00000000a4680000, 0x00000000e0000000)
  object space 72192K, 43% used [0x00000000a0000000,0x00000000a1eaa0f0,0x00000000a4680000)
 Metaspace       used 53313K, capacity 55560K, committed 55680K, reserved 1097728K
  class space    used 7295K, capacity 7755K, committed 7808K, reserved 1048576K
}
Event: 289.830 GC heap before
{Heap before GC invocations=11 (full 2):
 PSYoungGen      total 338944K, used 175909K [0x00000000e0000000, 0x00000000f7100000, 0x0000000100000000)
  eden space 320512K, 49% used [0x00000000e0000000,0x00000000e99cb140,0x00000000f3900000)
  from space 18432K, 99% used [0x00000000f5380000,0x00000000f657e458,0x00000000f6580000)
  to   space 27136K, 0% used [0x00000000f3900000,0x00000000f3900000,0x00000000f5380000)
 ParOldGen       total 72192K, used 31400K [0x00000000a0000000, 0x00000000a4680000, 0x00000000e0000000)
  object space 72192K, 43% used [0x00000000a0000000,0x00000000a1eaa0f0,0x00000000a4680000)
 Metaspace       used 56670K, capacity 59038K, committed 59096K, reserved 1099776K
  class space    used 7681K, capacity 8173K, committed 8192K, reserved 1048576K
Event: 289.905 GC heap after
Heap after GC invocations=11 (full 2):
 PSYoungGen      total 347648K, used 26147K [0x00000000e0000000, 0x0000000100000000, 0x0000000100000000)
  eden space 320512K, 0% used [0x00000000e0000000,0x00000000e0000000,0x00000000f3900000)
  from space 27136K, 96% used [0x00000000f3900000,0x00000000f5288ed8,0x00000000f5380000)
  to   space 31232K, 0% used [0x00000000fe180000,0x00000000fe180000,0x0000000100000000)
 ParOldGen       total 72192K, used 31408K [0x00000000a0000000, 0x00000000a4680000, 0x00000000e0000000)
  object space 72192K, 43% used [0x00000000a0000000,0x00000000a1eac0f0,0x00000000a4680000)
 Metaspace       used 56670K, capacity 59038K, committed 59096K, reserved 1099776K
  class space    used 7681K, capacity 8173K, committed 8192K, reserved 1048576K
}
Event: 289.905 GC heap before
{Heap before GC invocations=12 (full 3):
 PSYoungGen      total 347648K, used 26147K [0x00000000e0000000, 0x0000000100000000, 0x0000000100000000)
  eden space 320512K, 0% used [0x00000000e0000000,0x00000000e0000000,0x00000000f3900000)
  from space 27136K, 96% used [0x00000000f3900000,0x00000000f5288ed8,0x00000000f5380000)
  to   space 31232K, 0% used [0x00000000fe180000,0x00000000fe180000,0x0000000100000000)
 ParOldGen       total 72192K, used 31408K [0x00000000a0000000, 0x00000000a4680000, 0x00000000e0000000)
  object space 72192K, 43% used [0x00000000a0000000,0x00000000a1eac0f0,0x00000000a4680000)
 Metaspace       used 56670K, capacity 59038K, committed 59096K, reserved 1099776K
  class space    used 7681K, capacity 8173K, committed 8192K, reserved 1048576K
Event: 290.263 GC heap after
Heap after GC invocations=12 (full 3):
 PSYoungGen      total 347648K, used 0K [0x00000000e0000000, 0x0000000100000000, 0x0000000100000000)
  eden space 320512K, 0% used [0x00000000e0000000,0x00000000e0000000,0x00000000f3900000)
  from space 27136K, 0% used [0x00000000f3900000,0x00000000f3900000,0x00000000f5380000)
  to   space 31232K, 0% used [0x00000000fe180000,0x00000000fe180000,0x0000000100000000)
 ParOldGen       total 110592K, used 42569K [0x00000000a0000000, 0x00000000a6c00000, 0x00000000e0000000)
  object space 110592K, 38% used [0x00000000a0000000,0x00000000a29926a0,0x00000000a6c00000)
 Metaspace       used 56670K, capacity 59038K, committed 59096K, reserved 1099776K
  class space    used 7681K, capacity 8173K, committed 8192K, reserved 1048576K
}
Event: 330.851 GC heap before
{Heap before GC invocations=13 (full 3):
 PSYoungGen      total 347648K, used 320512K [0x00000000e0000000, 0x0000000100000000, 0x0000000100000000)
  eden space 320512K, 100% used [0x00000000e0000000,0x00000000f3900000,0x00000000f3900000)
  from space 27136K, 0% used [0x00000000f3900000,0x00000000f3900000,0x00000000f5380000)
  to   space 31232K, 0% used [0x00000000fe180000,0x00000000fe180000,0x0000000100000000)
 ParOldGen       total 110592K, used 42569K [0x00000000a0000000, 0x00000000a6c00000, 0x00000000e0000000)
  object space 110592K, 38% used [0x00000000a0000000,0x00000000a29926a0,0x00000000a6c00000)
 Metaspace       used 62847K, capacity 65700K, committed 66008K, reserved 1105920K
  class space    used 8295K, capacity 8834K, committed 8960K, reserved 1048576K
Event: 330.957 GC heap after
Heap after GC invocations=13 (full 3):
 PSYoungGen      total 493056K, used 18462K [0x00000000e0000000, 0x0000000100000000, 0x0000000100000000)
  eden space 461824K, 0% used [0x00000000e0000000,0x00000000e0000000,0x00000000fc300000)
  from space 31232K, 59% used [0x00000000fe180000,0x00000000ff387bd8,0x0000000100000000)
  to   space 31232K, 0% used [0x00000000fc300000,0x00000000fc300000,0x00000000fe180000)
 ParOldGen       total 110592K, used 42577K [0x00000000a0000000, 0x00000000a6c00000, 0x00000000e0000000)
  object space 110592K, 38% used [0x00000000a0000000,0x00000000a29946a0,0x00000000a6c00000)
 Metaspace       used 62847K, capacity 65700K, committed 66008K, reserved 1105920K
  class space    used 8295K, capacity 8834K, committed 8960K, reserved 1048576K
}
Event: 4365.506 GC heap before
{Heap before GC invocations=14 (full 3):
 PSYoungGen      total 493056K, used 480286K [0x00000000e0000000, 0x0000000100000000, 0x0000000100000000)
  eden space 461824K, 100% used [0x00000000e0000000,0x00000000fc300000,0x00000000fc300000)
  from space 31232K, 59% used [0x00000000fe180000,0x00000000ff387bd8,0x0000000100000000)
  to   space 31232K, 0% used [0x00000000fc300000,0x00000000fc300000,0x00000000fe180000)
 ParOldGen       total 110592K, used 42577K [0x00000000a0000000, 0x00000000a6c00000, 0x00000000e0000000)
  object space 110592K, 38% used [0x00000000a0000000,0x00000000a29946a0,0x00000000a6c00000)
 Metaspace       used 64203K, capacity 67466K, committed 67672K, reserved 1107968K
  class space    used 8435K, capacity 9041K, committed 9088K, reserved 1048576K
Event: 4366.289 GC heap after
Heap after GC invocations=14 (full 3):
 PSYoungGen      total 488448K, used 26552K [0x00000000e0000000, 0x0000000100000000, 0x0000000100000000)
  eden space 461824K, 0% used [0x00000000e0000000,0x00000000e0000000,0x00000000fc300000)
  from space 26624K, 99% used [0x00000000fc300000,0x00000000fdcee230,0x00000000fdd00000)
  to   space 34304K, 0% used [0x00000000fde80000,0x00000000fde80000,0x0000000100000000)
 ParOldGen       total 110592K, used 48677K [0x00000000a0000000, 0x00000000a6c00000, 0x00000000e0000000)
  object space 110592K, 44% used [0x00000000a0000000,0x00000000a2f89788,0x00000000a6c00000)
 Metaspace       used 64203K, capacity 67466K, committed 67672K, reserved 1107968K
  class space    used 8435K, capacity 9041K, committed 9088K, reserved 1048576K
}

Deoptimization events (10 events):
Event: 4381.502 Thread 0x000000005ae6a000 Uncommon trap: reason=unstable_if action=reinterpret pc=0x00000000040fbe48 method=com.sun.tools.javac.parser.Scanner.token(I)Lcom/sun/tools/javac/parser/Tokens$Token; @ 1
Event: 4381.502 Thread 0x000000005ae6a000 Uncommon trap: reason=unstable_if action=reinterpret pc=0x0000000004bd19e4 method=com.sun.tools.javac.parser.Scanner.nextToken()V @ 17
Event: 4381.556 Thread 0x000000005ae6a000 Uncommon trap: reason=predicate action=maybe_recompile pc=0x0000000004a9d708 method=java.util.ComparableTimSort.binarySort([Ljava/lang/Object;III)V @ 37
Event: 4381.558 Thread 0x000000005ae6a000 Uncommon trap: reason=array_check action=maybe_recompile pc=0x00000000043cdb44 method=java.util.ComparableTimSort.binarySort([Ljava/lang/Object;III)V @ 215
Event: 4381.558 Thread 0x000000005ae6a000 Uncommon trap: reason=array_check action=maybe_recompile pc=0x00000000043cdb44 method=java.util.ComparableTimSort.binarySort([Ljava/lang/Object;III)V @ 215
Event: 4382.170 Thread 0x000000005ae6a000 Uncommon trap: reason=array_check action=maybe_recompile pc=0x0000000004c064c8 method=java.util.ComparableTimSort.binarySort([Ljava/lang/Object;III)V @ 193
Event: 4382.170 Thread 0x000000005ae6a000 Uncommon trap: reason=array_check action=maybe_recompile pc=0x0000000004c064c8 method=java.util.ComparableTimSort.binarySort([Ljava/lang/Object;III)V @ 193
Event: 4382.205 Thread 0x000000005ae6a000 Uncommon trap: reason=array_check action=maybe_recompile pc=0x00000000043cdb44 method=java.util.ComparableTimSort.binarySort([Ljava/lang/Object;III)V @ 215
Event: 4382.243 Thread 0x000000005ae6a000 Uncommon trap: reason=array_check action=maybe_recompile pc=0x0000000004c0975c method=java.util.ComparableTimSort.binarySort([Ljava/lang/Object;III)V @ 183
Event: 4382.243 Thread 0x000000005ae6a000 Uncommon trap: reason=array_check action=maybe_recompile pc=0x0000000004c0975c method=java.util.ComparableTimSort.binarySort([Ljava/lang/Object;III)V @ 183

Internal exceptions (10 events):
Event: 4234.126 Thread 0x000000005ae66000 Exception <a 'java/lang/NoSuchMethodError': <clinit>> (0x00000000f4821600) thrown at [C:\src\android\AOSP-openjdk\external\jetbrains\jdk\hotspot\src\share\vm\prims\jni.cpp, line 1613]
Event: 4285.539 Thread 0x000000005ae68800 Exception <a 'java/lang/ClassNotFoundException': asLocalRepo2340_7u351ffnczxsxth3a08n9zy7vBeanInfo> (0x00000000f4d6cab0) thrown at [C:\src\android\AOSP-openjdk\external\jetbrains\jdk\hotspot\src\share\vm\classfile\systemDictionary.cpp, line 210]
Event: 4285.540 Thread 0x000000005ae68800 Exception <a 'java/lang/ClassNotFoundException': asLocalRepo2340_7u351ffnczxsxth3a08n9zy7vCustomizer> (0x00000000f4d78098) thrown at [C:\src\android\AOSP-openjdk\external\jetbrains\jdk\hotspot\src\share\vm\classfile\systemDictionary.cpp, line 210]
Event: 4287.071 Thread 0x000000005ae68800 Implicit null exception at 0x000000000362272a to 0x0000000003623a09
Event: 4288.544 Thread 0x000000005ae68800 Implicit null exception at 0x0000000004953b7b to 0x0000000004954069
Event: 4288.913 Thread 0x000000005ae68800 Exception <a 'java/lang/reflect/InvocationTargetException'> (0x00000000fa5fcf60) thrown at [C:\src\android\AOSP-openjdk\external\jetbrains\jdk\hotspot\src\share\vm\runtime\reflection.cpp, line 1092]
Event: 4288.963 Thread 0x000000005ae68800 Exception <a 'sun/nio/fs/WindowsException'> (0x00000000fa8ddfa0) thrown at [C:\src\android\AOSP-openjdk\external\jetbrains\jdk\hotspot\src\share\vm\prims\jni.cpp, line 709]
Event: 4365.013 Thread 0x000000005ae6a000 Exception <a 'java/lang/ClassNotFoundException': asLocalRepo3755_2cicxlwxdnsjiisxoo8x2yt4eBeanInfo> (0x00000000fb058b70) thrown at [C:\src\android\AOSP-openjdk\external\jetbrains\jdk\hotspot\src\share\vm\classfile\systemDictionary.cpp, line 210]
Event: 4365.014 Thread 0x000000005ae6a000 Exception <a 'java/lang/ClassNotFoundException': asLocalRepo3755_2cicxlwxdnsjiisxoo8x2yt4eCustomizer> (0x00000000fb064158) thrown at [C:\src\android\AOSP-openjdk\external\jetbrains\jdk\hotspot\src\share\vm\classfile\systemDictionary.cpp, line 210]
Event: 4377.694 Thread 0x000000005ae6a000 Implicit null exception at 0x000000000495bce0 to 0x000000000495c06c

Events (10 events):
Event: 4382.334 loading class com/sun/tools/javac/jvm/ClassReader$AnnotationDeproxy
Event: 4382.334 loading class com/sun/tools/javac/jvm/ClassReader$AnnotationDeproxy done
Event: 4382.334 loading class com/sun/tools/javac/jvm/ClassReader$ProxyVisitor
Event: 4382.334 loading class com/sun/tools/javac/jvm/ClassReader$ProxyVisitor done
Event: 4382.343 loading class com/sun/tools/javac/code/Type$ArrayType$1
Event: 4382.343 loading class com/sun/tools/javac/code/Type$ArrayType$1 done
Event: 4382.344 loading class com/sun/tools/javac/code/BoundKind
Event: 4382.344 loading class com/sun/tools/javac/code/BoundKind done
Event: 4382.385 loading class com/sun/tools/javac/util/Pair
Event: 4382.385 loading class com/sun/tools/javac/util/Pair done


Dynamic libraries:
0x000000013fe80000 - 0x000000013feb1000 	C:\Program Files\Android\Android Studio\jre\bin\java.exe
0x00000000778f0000 - 0x0000000077a9a000 	C:\windows\SYSTEM32\ntdll.dll
0x00000000777d0000 - 0x00000000778ef000 	C:\windows\system32\kernel32.dll
0x000007fefd930000 - 0x000007fefd99a000 	C:\windows\system32\KERNELBASE.dll
0x000007feff390000 - 0x000007feff46b000 	C:\windows\system32\ADVAPI32.dll
0x000007fefdb50000 - 0x000007fefdbef000 	C:\windows\system32\msvcrt.dll
0x000007fefd9a0000 - 0x000007fefd9bf000 	C:\windows\SYSTEM32\sechost.dll
0x000007fefda20000 - 0x000007fefdb4d000 	C:\windows\system32\RPCRT4.dll
0x00000000776d0000 - 0x00000000777ca000 	C:\windows\system32\USER32.dll
0x000007feff470000 - 0x000007feff4d7000 	C:\windows\system32\GDI32.dll
0x000007feffbf0000 - 0x000007feffbfe000 	C:\windows\system32\LPK.dll
0x000007feffb20000 - 0x000007feffbea000 	C:\windows\system32\USP10.dll
0x000007fefbf50000 - 0x000007fefc144000 	C:\windows\WinSxS\amd64_microsoft.windows.common-controls_6595b64144ccf1df_6.0.7601.18837_none_fa3b1e3d17594757\COMCTL32.dll
0x000007fefde00000 - 0x000007fefde71000 	C:\windows\system32\SHLWAPI.dll
0x000007fefef40000 - 0x000007fefef6e000 	C:\windows\system32\IMM32.DLL
0x000007feff4e0000 - 0x000007feff5e9000 	C:\windows\system32\MSCTF.dll
0x000007feee1e0000 - 0x000007feee287000 	C:\Program Files\McAfee\Host Intrusion Prevention\HcApi.dll
0x0000000070350000 - 0x000000007035c000 	C:\Program Files\McAfee\Host Intrusion Prevention\HcThe.dll
0x0000000063c80000 - 0x0000000063d52000 	C:\Program Files\Android\Android Studio\jre\jre\bin\msvcr100.dll
0x0000000063d60000 - 0x000000006459c000 	C:\Program Files\Android\Android Studio\jre\jre\bin\server\jvm.dll
0x000007fef58b0000 - 0x000007fef58b9000 	C:\windows\system32\WSOCK32.dll
0x0000000000460000 - 0x00000000004ad000 	C:\windows\system32\WS2_32.dll
0x000007fefd9c0000 - 0x000007fefd9c8000 	C:\windows\system32\NSI.dll
0x000007fefb650000 - 0x000007fefb68b000 	C:\windows\system32\WINMM.dll
0x000007fefc6f0000 - 0x000007fefc6fc000 	C:\windows\system32\VERSION.dll
0x0000000077ab0000 - 0x0000000077ab7000 	C:\windows\system32\PSAPI.DLL
0x000007fefad30000 - 0x000007fefad3f000 	C:\Program Files\Android\Android Studio\jre\jre\bin\verify.dll
0x000007feefbb0000 - 0x000007feefbd9000 	C:\Program Files\Android\Android Studio\jre\jre\bin\java.dll
0x000007feefc30000 - 0x000007feefc46000 	C:\Program Files\Android\Android Studio\jre\jre\bin\zip.dll
0x000007fefdee0000 - 0x000007fefec6a000 	C:\windows\system32\SHELL32.dll
0x000007feff050000 - 0x000007feff24c000 	C:\windows\system32\ole32.dll
0x000007fefd5e0000 - 0x000007fefd5ef000 	C:\windows\system32\profapi.dll
0x000007feefbf0000 - 0x000007feefc0a000 	C:\Program Files\Android\Android Studio\jre\jre\bin\net.dll
0x0000000180000000 - 0x000000018006d000 	C:\windows\system32\LavasoftTcpService64.dll
0x000007fefcda0000 - 0x000007fefcdf5000 	C:\windows\system32\MSWSOCK.dll
0x000007fefc710000 - 0x000007fefc737000 	C:\windows\system32\IPHLPAPI.DLL
0x000007fefc700000 - 0x000007fefc70b000 	C:\windows\system32\WINNSI.DLL
0x000007fefef70000 - 0x000007feff04a000 	C:\windows\system32\OLEAUT32.dll
0x000007fefd3f0000 - 0x000007fefd415000 	C:\windows\system32\SspiCli.dll
0x000007fefcfd0000 - 0x000007fefcfd7000 	C:\windows\System32\wship6.dll
0x000007fefd480000 - 0x000007fefd48f000 	C:\windows\system32\CRYPTBASE.dll
0x000007fefbdc0000 - 0x000007fefbe16000 	C:\windows\system32\uxtheme.dll
0x000007fee5850000 - 0x000007fee5861000 	C:\Program Files\Android\Android Studio\jre\jre\bin\nio.dll
0x000007fee57e0000 - 0x000007fee57fe000 	C:\Users\agr\.gradle\native\23\windows-amd64\native-platform.dll
0x0000000058fa0000 - 0x00000000590c5000 	C:\windows\system32\rlls64.dll
0x000007fef8f60000 - 0x000007fef8fb4000 	C:\windows\system32\OLEACC.dll
0x000007feff7f0000 - 0x000007feffb11000 	C:\windows\system32\WININET.dll
0x000007fefd920000 - 0x000007fefd924000 	C:\windows\system32\api-ms-win-downlevel-user32-l1-1-0.dll
0x000007fefd700000 - 0x000007fefd704000 	C:\windows\system32\api-ms-win-downlevel-shlwapi-l1-1-0.dll
0x000007fefd6e0000 - 0x000007fefd6e4000 	C:\windows\system32\api-ms-win-downlevel-version-l1-1-0.dll
0x000007fefd6a0000 - 0x000007fefd6a3000 	C:\windows\system32\api-ms-win-downlevel-normaliz-l1-1-0.dll
0x0000000077ac0000 - 0x0000000077ac3000 	C:\windows\system32\normaliz.DLL
0x000007fefec70000 - 0x000007fefef3a000 	C:\windows\system32\iertutil.dll
0x000007fefd6d0000 - 0x000007fefd6d5000 	C:\windows\system32\api-ms-win-downlevel-advapi32-l1-1-0.dll
0x000007fefd8c0000 - 0x000007fefd8de000 	C:\windows\system32\USERENV.dll
0x000007fefc5e0000 - 0x000007fefc60d000 	C:\windows\system32\ntmarta.dll
0x000007fefde80000 - 0x000007fefded2000 	C:\windows\system32\WLDAP32.dll
0x000007fefcb70000 - 0x000007fefcbc8000 	C:\windows\system32\Schannel.dll
0x000007fefd750000 - 0x000007fefd8bd000 	C:\windows\system32\CRYPT32.dll
0x000007fefd5f0000 - 0x000007fefd5ff000 	C:\windows\system32\MSASN1.dll
0x000007fef3a70000 - 0x000007fef3b95000 	C:\windows\system32\dbghelp.dll
0x000007fefc6d0000 - 0x000007fefc6d7000 	C:\windows\System32\wshtcpip.dll
0x000007feff250000 - 0x000007feff2e9000 	C:\windows\system32\CLBCatQ.DLL
0x000007fefcef0000 - 0x000007fefcf08000 	C:\windows\system32\CRYPTSP.dll
0x000007fefcae0000 - 0x000007fefcb27000 	C:\windows\system32\rsaenh.dll
0x000007fefd530000 - 0x000007fefd544000 	C:\windows\system32\RpcRtRemote.dll
0x000007fefd490000 - 0x000007fefd521000 	C:\windows\system32\SXS.DLL
0x000007fefa6c0000 - 0x000007fefa6d8000 	C:\windows\system32\dhcpcsvc.DLL
0x000007fefa730000 - 0x000007fefa741000 	C:\windows\system32\dhcpcsvc6.DLL
0x000007fefadb0000 - 0x000007fefadbd000 	C:\Program Files\Android\Android Studio\jre\jre\bin\management.dll
0x000007fefd420000 - 0x000007fefd477000 	C:\windows\system32\apphelp.dll

VM Arguments:
jvm_args: -Xmx1536m -Dfile.encoding=windows-1252 -Duser.country=GB -Duser.language=en -Duser.variant 
java_command: org.gradle.launcher.daemon.bootstrap.GradleDaemon 3.3
java_class_path (initial): C:\Users\agr\.gradle\wrapper\dists\gradle-3.3-all\55gk2rcmfc6p2dg9u9ohc3hw9\gradle-3.3\lib\gradle-launcher-3.3.jar
Launcher Type: SUN_STANDARD

Environment Variables:
PATH=C:\Program Files\Common Files\Microsoft Shared\Windows Live;C:\Program Files (x86)\Common Files\Microsoft Shared\Windows Live;C:\Program Files (x86)\TCL\bin;C:\windows\system32;C:\windows;C:\windows\System32\Wbem;C:\windows\System32\WindowsPowerShell\v1.0\;C:\Program Files (x86)\cvsnt;C:\Program Files (x86)\Common Files\GTK\2.0\bin;C:\Program Files\TortoiseSVN\bin;C:\Program Files\Lenovo\Fingerprint Manager Pro\;C:\iverilog\bin;C:\Program Files (x86)\Skype\Phone\;C:\Program Files\TortoiseGit\bin;C:\Program Files (x86)\Windows Live\Shared;C:\Program Files\Intel\WiFi\bin\;C:\Program Files\Common Files\Intel\WirelessCommon\;C:\Program Files\nodejs\;C:\Program Files\Microsoft SQL Server\130\Tools\Binn\;C:\Program Files (x86)\Mozilla Firefox;C:\Program Files (x86)\Mozilla Firefox;C:\Program Files (x86)\TCL\bin;C:\windows\system32;C:\windows;C:\windows\System32\Wbem;C:\windows\System32\WindowsPowerShell\v1.0\;C:\Program Files (x86)\cvsnt;C:\Program Files (x86)\Common Files\GTK\2.0\bin;C:\Program Files\TortoiseSVN\bin;C:\Program Files\Lenovo\Fingerprint Manager Pro\;C:\iverilog\bin;C:\Program Files (x86)\Skype\Phone\;C:\Users\agr\AppData\Roaming\npm
USERNAME=agr
OS=Windows_NT
PROCESSOR_IDENTIFIER=Intel64 Family 6 Model 69 Stepping 1, GenuineIntel



---------------  S Y S T E M  ---------------

OS: Windows 7 , 64 bit Build 7601 (6.1.7601.23796)

CPU:total 4 (2 cores per cpu, 2 threads per core) family 6 model 69 stepping 1, cmov, cx8, fxsr, mmx, sse, sse2, sse3, ssse3, sse4.1, sse4.2, popcnt, avx, avx2, aes, clmul, erms, lzcnt, ht, tsc, tscinvbit, bmi1, bmi2

Memory: 4k page, physical 8068768k(4488k free), swap 12816860k(2668k free)

vm_info: OpenJDK 64-Bit Server VM (25.112-b06) for windows-amd64 JRE (1.8.0_112-release-b06), built on Dec  8 2016 00:54:26 by "builder" with MS VC++ 10.0 (VS2010)

time: Mon May 29 18:50:34 2017
elapsed time: 4382 seconds (0d 1h 13m 2s)

