#
# There is insufficient memory for the Java Runtime Environment to continue.
# Native memory allocation (malloc) failed to allocate 225856 bytes for Chunk::new
# Possible reasons:
#   The system is out of physical RAM or swap space
#   In 32 bit mode, the process size limit was hit
# Possible solutions:
#   Reduce memory load on the system
#   Increase physical memory or swap space
#   Check if swap backing store is full
#   Use 64 bit Java on a 64 bit OS
#   Decrease Java heap size (-Xmx/-Xms)
#   Decrease number of Java threads
#   Decrease Java thread stack sizes (-Xss)
#   Set larger code cache with -XX:ReservedCodeCacheSize=
# This output file may be truncated or incomplete.
#
#  Out of Memory Error (allocation.cpp:390), pid=9284, tid=0x000000000000295c
#
# JRE version: OpenJDK Runtime Environment (8.0_112-b06) (build 1.8.0_112-release-b06)
# Java VM: OpenJDK 64-Bit Server VM (25.112-b06 mixed mode windows-amd64 compressed oops)
# Failed to write core dump. Minidumps are not enabled by default on client versions of Windows
#

---------------  T H R E A D  ---------------

Current thread (0x0000000057bc3000):  JavaThread "C2 CompilerThread1" daemon [_thread_in_native, id=10588, stack(0x0000000057250000,0x0000000057350000)]

Stack: [0x0000000057250000,0x0000000057350000]
[error occurred during error reporting (printing stack bounds), id 0xc0000005]

Native frames: (J=compiled Java code, j=interpreted, Vv=VM code, C=native code)


Current CompileTask:
C2:  32360 7850       4       org.gradle.internal.classloader.FilteringClassLoader::classAllowed (135 bytes)


---------------  P R O C E S S  ---------------

Java Threads: ( => current thread )
  0x000000005ae9a800 JavaThread "Cache update executor" [_thread_blocked, id=16412, stack(0x0000000062560000,0x0000000062660000)]
  0x000000005ae99800 JavaThread "File lock request listener" [_thread_in_native, id=1556, stack(0x00000000612c0000,0x00000000613c0000)]
  0x000000005b2d6800 JavaThread "Stdin handler" [_thread_blocked, id=15636, stack(0x000000005c2d0000,0x000000005c3d0000)]
  0x000000005b2d5000 JavaThread "Asynchronous log dispatcher for DefaultDaemonConnection: socket connection from /127.0.0.1:49725 to /127.0.0.1:49726" [_thread_blocked, id=16248, stack(0x000000005c180000,0x000000005c280000)]
  0x000000005b2e7000 JavaThread "Daemon worker" [_thread_blocked, id=17344, stack(0x000000005bed0000,0x000000005bfd0000)]
  0x000000005a8b7800 JavaThread "pool-1-thread-1" [_thread_blocked, id=14944, stack(0x0000000059ee0000,0x0000000059fe0000)]
  0x000000005b2ca000 JavaThread "Cancel handler" [_thread_blocked, id=8928, stack(0x000000005bff0000,0x000000005c0f0000)]
  0x000000005a8a7800 JavaThread "Handler for socket connection from /127.0.0.1:49725 to /127.0.0.1:49726" [_thread_in_native, id=12312, stack(0x000000005a480000,0x000000005a580000)]
  0x000000005a8a5000 JavaThread "Daemon" [_thread_blocked, id=11580, stack(0x000000005bd80000,0x000000005be80000)]
  0x000000005ac21000 JavaThread "Incoming local TCP Connector on port 49725" [_thread_in_native, id=14400, stack(0x000000005b9a0000,0x000000005baa0000)]
  0x0000000057c35800 JavaThread "Service Thread" daemon [_thread_blocked, id=17436, stack(0x0000000058310000,0x0000000058410000)]
  0x0000000057bc4000 JavaThread "C1 CompilerThread2" daemon [_thread_blocked, id=16332, stack(0x0000000058060000,0x0000000058160000)]
=>0x0000000057bc3000 JavaThread "C2 CompilerThread1" daemon [_thread_in_native, id=10588, stack(0x0000000057250000,0x0000000057350000)]
  0x000000005646d800 JavaThread "C2 CompilerThread0" daemon [_thread_blocked, id=15920, stack(0x0000000057ac0000,0x0000000057bc0000)]
  0x000000005647e800 JavaThread "Attach Listener" daemon [_thread_blocked, id=17320, stack(0x00000000579b0000,0x0000000057ab0000)]
  0x000000005647d800 JavaThread "Signal Dispatcher" daemon [_thread_blocked, id=15500, stack(0x0000000057790000,0x0000000057890000)]
  0x0000000056457800 JavaThread "Finalizer" daemon [_thread_blocked, id=11884, stack(0x0000000057620000,0x0000000057720000)]
  0x0000000056410800 JavaThread "Reference Handler" daemon [_thread_blocked, id=17568, stack(0x00000000574d0000,0x00000000575d0000)]
  0x0000000001fee000 JavaThread "main" [_thread_blocked, id=17852, stack(0x00000000023a0000,0x00000000024a0000)]

Other Threads:
  0x0000000056408800 VMThread [stack: 0x0000000057350000,0x0000000057450000] [id=12144]
  0x0000000057c3f000 WatcherThread [stack: 0x0000000058210000,0x0000000058310000] [id=11840]

VM state:not at safepoint (normal execution)

VM Mutex/Monitor currently owned by a thread: None

Heap:
 PSYoungGen      total 164864K, used 4756K [0x00000000e0000000, 0x00000000f0b80000, 0x0000000100000000)
  eden space 151040K, 3% used [0x00000000e0000000,0x00000000e04a5040,0x00000000e9380000)
  from space 13824K, 0% used [0x00000000ea880000,0x00000000ea880000,0x00000000eb600000)
  to   space 21504K, 0% used [0x00000000e9380000,0x00000000e9380000,0x00000000ea880000)
 ParOldGen       total 83456K, used 33108K [0x00000000a0000000, 0x00000000a5180000, 0x00000000e0000000)
  object space 83456K, 39% used [0x00000000a0000000,0x00000000a20553b0,0x00000000a5180000)
 Metaspace       used 57288K, capacity 59176K, committed 59264K, reserved 1099776K
  class space    used 7657K, capacity 8053K, committed 8064K, reserved 1048576K

Card table byte_map: [0x0000000011b30000,0x0000000011e40000] byte_map_base: 0x0000000011630000

Marking Bits: (ParMarkBitMap*) 0x00000000645218f0
 Begin Bits: [0x0000000012780000, 0x0000000013f80000)
 End Bits:   [0x0000000013f80000, 0x0000000015780000)

Polling page: 0x0000000000250000

CodeCache: size=245760Kb used=22508Kb max_used=23328Kb free=223251Kb
 bounds [0x0000000002770000, 0x0000000003e50000, 0x0000000011770000]
 total_blobs=7493 nmethods=6718 adapters=687
 compilation: enabled

Compilation events (10 events):
Event: 31.068 Thread 0x0000000057bc4000 nmethod 7845 0x0000000002958c90 code [0x0000000002959040, 0x000000000295b2f8]
Event: 31.068 Thread 0x0000000057bc4000 7846       3       java.lang.invoke.InvokerBytecodeGenerator::refKindOpcode (112 bytes)
Event: 31.069 Thread 0x0000000057bc4000 nmethod 7846 0x000000000314e710 code [0x000000000314e900, 0x000000000314f1b8]
Event: 31.075 Thread 0x0000000057bc4000 7847       3       java.io.FilePermission::getMask (948 bytes)
Event: 31.080 Thread 0x0000000057bc4000 nmethod 7847 0x00000000031c6110 code [0x00000000031c64c0, 0x00000000031c8de8]
Event: 31.080 Thread 0x0000000057bc4000 7848       3       java.io.FilePermission::init (228 bytes)
Event: 31.081 Thread 0x0000000057bc4000 nmethod 7848 0x000000000301ef50 code [0x000000000301f1e0, 0x00000000030204f8]
Event: 31.081 Thread 0x0000000057bc4000 7849       3       sun.net.www.protocol.file.FileURLConnection::getPermission (70 bytes)
Event: 31.082 Thread 0x0000000057bc4000 nmethod 7849 0x0000000003bb3b50 code [0x0000000003bb3d00, 0x0000000003bb4278]
Event: 31.085 Thread 0x0000000057bc3000 7850       4       org.gradle.internal.classloader.FilteringClassLoader::classAllowed (135 bytes)

GC Heap History (10 events):
Event: 19.550 GC heap before
{Heap before GC invocations=9 (full 2):
 PSYoungGen      total 173056K, used 159232K [0x00000000e0000000, 0x00000000ed700000, 0x0000000100000000)
  eden space 159232K, 100% used [0x00000000e0000000,0x00000000e9b80000,0x00000000e9b80000)
  from space 13824K, 0% used [0x00000000ea880000,0x00000000ea880000,0x00000000eb600000)
  to   space 13312K, 0% used [0x00000000e9b80000,0x00000000e9b80000,0x00000000ea880000)
 ParOldGen       total 83456K, used 14777K [0x00000000a0000000, 0x00000000a5180000, 0x00000000e0000000)
  object space 83456K, 17% used [0x00000000a0000000,0x00000000a0e6e438,0x00000000a5180000)
 Metaspace       used 45644K, capacity 46800K, committed 46976K, reserved 1089536K
  class space    used 6167K, capacity 6441K, committed 6528K, reserved 1048576K
Event: 20.139 GC heap after
Heap after GC invocations=9 (full 2):
 PSYoungGen      total 172544K, used 13294K [0x00000000e0000000, 0x00000000ed700000, 0x0000000100000000)
  eden space 159232K, 0% used [0x00000000e0000000,0x00000000e0000000,0x00000000e9b80000)
  from space 13312K, 99% used [0x00000000e9b80000,0x00000000ea87bb30,0x00000000ea880000)
  to   space 13824K, 0% used [0x00000000ea880000,0x00000000ea880000,0x00000000eb600000)
 ParOldGen       total 83456K, used 17333K [0x00000000a0000000, 0x00000000a5180000, 0x00000000e0000000)
  object space 83456K, 20% used [0x00000000a0000000,0x00000000a10ed4c8,0x00000000a5180000)
 Metaspace       used 45644K, capacity 46800K, committed 46976K, reserved 1089536K
  class space    used 6167K, capacity 6441K, committed 6528K, reserved 1048576K
}
Event: 28.817 GC heap before
{Heap before GC invocations=10 (full 2):
 PSYoungGen      total 172544K, used 172526K [0x00000000e0000000, 0x00000000ed700000, 0x0000000100000000)
  eden space 159232K, 100% used [0x00000000e0000000,0x00000000e9b80000,0x00000000e9b80000)
  from space 13312K, 99% used [0x00000000e9b80000,0x00000000ea87bb30,0x00000000ea880000)
  to   space 13824K, 0% used [0x00000000ea880000,0x00000000ea880000,0x00000000eb600000)
 ParOldGen       total 83456K, used 17333K [0x00000000a0000000, 0x00000000a5180000, 0x00000000e0000000)
  object space 83456K, 20% used [0x00000000a0000000,0x00000000a10ed4c8,0x00000000a5180000)
 Metaspace       used 56342K, capacity 58092K, committed 58368K, reserved 1099776K
  class space    used 7535K, capacity 7907K, committed 7936K, reserved 1048576K
Event: 28.987 GC heap after
Heap after GC invocations=10 (full 2):
 PSYoungGen      total 173056K, used 13802K [0x00000000e0000000, 0x00000000ed700000, 0x0000000100000000)
  eden space 159232K, 0% used [0x00000000e0000000,0x00000000e0000000,0x00000000e9b80000)
  from space 13824K, 99% used [0x00000000ea880000,0x00000000eb5fab80,0x00000000eb600000)
  to   space 13312K, 0% used [0x00000000e9b80000,0x00000000e9b80000,0x00000000ea880000)
 ParOldGen       total 83456K, used 26033K [0x00000000a0000000, 0x00000000a5180000, 0x00000000e0000000)
  object space 83456K, 31% used [0x00000000a0000000,0x00000000a196c6b0,0x00000000a5180000)
 Metaspace       used 56342K, capacity 58092K, committed 58368K, reserved 1099776K
  class space    used 7535K, capacity 7907K, committed 7936K, reserved 1048576K
}
Event: 29.282 GC heap before
{Heap before GC invocations=11 (full 2):
 PSYoungGen      total 173056K, used 172687K [0x00000000e0000000, 0x00000000ed700000, 0x0000000100000000)
  eden space 159232K, 99% used [0x00000000e0000000,0x00000000e9b29110,0x00000000e9b80000)
  from space 13824K, 99% used [0x00000000ea880000,0x00000000eb5fab80,0x00000000eb600000)
  to   space 13312K, 0% used [0x00000000e9b80000,0x00000000e9b80000,0x00000000ea880000)
 ParOldGen       total 83456K, used 26033K [0x00000000a0000000, 0x00000000a5180000, 0x00000000e0000000)
  object space 83456K, 31% used [0x00000000a0000000,0x00000000a196c6b0,0x00000000a5180000)
 Metaspace       used 56698K, capacity 58574K, committed 58752K, reserved 1099776K
  class space    used 7593K, capacity 7970K, committed 8064K, reserved 1048576K
Event: 29.388 GC heap after
Heap after GC invocations=11 (full 2):
 PSYoungGen      total 172544K, used 13290K [0x00000000e0000000, 0x00000000ed700000, 0x0000000100000000)
  eden space 159232K, 0% used [0x00000000e0000000,0x00000000e0000000,0x00000000e9b80000)
  from space 13312K, 99% used [0x00000000e9b80000,0x00000000ea87ab80,0x00000000ea880000)
  to   space 13824K, 0% used [0x00000000ea880000,0x00000000ea880000,0x00000000eb600000)
 ParOldGen       total 83456K, used 26977K [0x00000000a0000000, 0x00000000a5180000, 0x00000000e0000000)
  object space 83456K, 32% used [0x00000000a0000000,0x00000000a1a586f8,0x00000000a5180000)
 Metaspace       used 56698K, capacity 58574K, committed 58752K, reserved 1099776K
  class space    used 7593K, capacity 7970K, committed 8064K, reserved 1048576K
}
Event: 31.098 GC heap before
{Heap before GC invocations=12 (full 2):
 PSYoungGen      total 172544K, used 75344K [0x00000000e0000000, 0x00000000ed700000, 0x0000000100000000)
  eden space 159232K, 38% used [0x00000000e0000000,0x00000000e3c99790,0x00000000e9b80000)
  from space 13312K, 99% used [0x00000000e9b80000,0x00000000ea87ab80,0x00000000ea880000)
  to   space 13824K, 0% used [0x00000000ea880000,0x00000000ea880000,0x00000000eb600000)
 ParOldGen       total 83456K, used 26977K [0x00000000a0000000, 0x00000000a5180000, 0x00000000e0000000)
  object space 83456K, 32% used [0x00000000a0000000,0x00000000a1a586f8,0x00000000a5180000)
 Metaspace       used 57249K, capacity 59112K, committed 59160K, reserved 1099776K
  class space    used 7652K, capacity 8053K, committed 8064K, reserved 1048576K
Event: 31.190 GC heap after
Heap after GC invocations=12 (full 2):
 PSYoungGen      total 164864K, used 6922K [0x00000000e0000000, 0x00000000f0b80000, 0x0000000100000000)
  eden space 151040K, 0% used [0x00000000e0000000,0x00000000e0000000,0x00000000e9380000)
  from space 13824K, 50% used [0x00000000ea880000,0x00000000eaf428e8,0x00000000eb600000)
  to   space 21504K, 0% used [0x00000000e9380000,0x00000000e9380000,0x00000000ea880000)
 ParOldGen       total 83456K, used 34149K [0x00000000a0000000, 0x00000000a5180000, 0x00000000e0000000)
  object space 83456K, 40% used [0x00000000a0000000,0x00000000a21596d0,0x00000000a5180000)
 Metaspace       used 57249K, capacity 59112K, committed 59160K, reserved 1099776K
  class space    used 7652K, capacity 8053K, committed 8064K, reserved 1048576K
}
Event: 31.190 GC heap before
{Heap before GC invocations=13 (full 3):
 PSYoungGen      total 164864K, used 6922K [0x00000000e0000000, 0x00000000f0b80000, 0x0000000100000000)
  eden space 151040K, 0% used [0x00000000e0000000,0x00000000e0000000,0x00000000e9380000)
  from space 13824K, 50% used [0x00000000ea880000,0x00000000eaf428e8,0x00000000eb600000)
  to   space 21504K, 0% used [0x00000000e9380000,0x00000000e9380000,0x00000000ea880000)
 ParOldGen       total 83456K, used 34149K [0x00000000a0000000, 0x00000000a5180000, 0x00000000e0000000)
  object space 83456K, 40% used [0x00000000a0000000,0x00000000a21596d0,0x00000000a5180000)
 Metaspace       used 57249K, capacity 59112K, committed 59160K, reserved 1099776K
  class space    used 7652K, capacity 8053K, committed 8064K, reserved 1048576K
Event: 32.338 GC heap after
Heap after GC invocations=13 (full 3):
 PSYoungGen      total 164864K, used 0K [0x00000000e0000000, 0x00000000f0b80000, 0x0000000100000000)
  eden space 151040K, 0% used [0x00000000e0000000,0x00000000e0000000,0x00000000e9380000)
  from space 13824K, 0% used [0x00000000ea880000,0x00000000ea880000,0x00000000eb600000)
  to   space 21504K, 0% used [0x00000000e9380000,0x00000000e9380000,0x00000000ea880000)
 ParOldGen       total 83456K, used 33108K [0x00000000a0000000, 0x00000000a5180000, 0x00000000e0000000)
  object space 83456K, 39% used [0x00000000a0000000,0x00000000a20553b0,0x00000000a5180000)
 Metaspace       used 57249K, capacity 59112K, committed 59160K, reserved 1099776K
  class space    used 7652K, capacity 8053K, committed 8064K, reserved 1048576K
}

Deoptimization events (10 events):
Event: 28.121 Thread 0x000000005ae9a800 Uncommon trap: reason=bimorphic action=maybe_recompile pc=0x0000000003cb0bdc method=java.util.Collections.indexedBinarySearch(Ljava/util/List;Ljava/lang/Object;)I @ 39
Event: 28.370 Thread 0x000000005b2e7000 Uncommon trap: reason=unstable_if action=reinterpret pc=0x0000000002a8d89c method=com.sun.org.apache.xerces.internal.dom.DeferredDocumentImpl.getPrevSibling(IZ)I @ 2
Event: 29.115 Thread 0x000000005b2e7000 Uncommon trap: reason=class_check action=maybe_recompile pc=0x00000000031f35e8 method=com.android.apkzlib.zip.ZipField.checkVerifiesInvariants(J)V @ 25
Event: 29.402 Thread 0x000000005b2e7000 Uncommon trap: reason=class_check action=maybe_recompile pc=0x00000000031f35e8 method=com.android.apkzlib.zip.ZipField.checkVerifiesInvariants(J)V @ 25
Event: 29.731 Thread 0x000000005b2e7000 Uncommon trap: reason=bimorphic action=maybe_recompile pc=0x00000000037d5744 method=com.sun.org.apache.xerces.internal.dom.NamedNodeMapImpl.findNamePoint(Ljava/lang/String;I)I @ 57
Event: 29.731 Thread 0x000000005b2e7000 Uncommon trap: reason=speculate_class_check action=maybe_recompile pc=0x0000000002a78a84 method=com.sun.org.apache.xerces.internal.dom.ElementImpl.getNodeName()Ljava/lang/String; @ 8
Event: 29.731 Thread 0x000000005b2e7000 Uncommon trap: reason=speculate_class_check action=maybe_recompile pc=0x0000000002a78a84 method=com.sun.org.apache.xerces.internal.dom.ElementImpl.getNodeName()Ljava/lang/String; @ 8
Event: 29.731 Thread 0x000000005b2e7000 Uncommon trap: reason=bimorphic action=maybe_recompile pc=0x00000000037d5744 method=com.sun.org.apache.xerces.internal.dom.NamedNodeMapImpl.findNamePoint(Ljava/lang/String;I)I @ 57
Event: 29.870 Thread 0x000000005b2e7000 Uncommon trap: reason=unstable_if action=reinterpret pc=0x0000000003decf88 method=java.net.URI.needsNormalization(Ljava/lang/String;)I @ 149
Event: 29.908 Thread 0x000000005b2e7000 Uncommon trap: reason=unstable_if action=reinterpret pc=0x00000000032051a0 method=java.net.URI.needsNormalization(Ljava/lang/String;)I @ 149

Internal exceptions (10 events):
Event: 21.815 Thread 0x000000005b2e7000 Exception <a 'java/lang/ClassNotFoundException': org/gradle/model/internal/core/ModelMapGroovyViewCustomizer> (0x00000000e26d4148) thrown at [C:\src\android\AOSP-openjdk\external\jetbrains\jdk\hotspot\src\share\vm\classfile\systemDictionary.cpp, line 210]
Event: 21.816 Thread 0x000000005b2e7000 Exception <a 'java/lang/ClassNotFoundException': org/gradle/model/internal/core/NodeBackedModelMapCustomizer> (0x00000000e26fa0e8) thrown at [C:\src\android\AOSP-openjdk\external\jetbrains\jdk\hotspot\src\share\vm\classfile\systemDictionary.cpp, line 210]
Event: 21.819 Thread 0x000000005b2e7000 Exception <a 'java/lang/ClassNotFoundException': org/gradle/platform/base/BinaryContainer_ImplCustomizer> (0x00000000e2759630) thrown at [C:\src\android\AOSP-openjdk\external\jetbrains\jdk\hotspot\src\share\vm\classfile\systemDictionary.cpp, line 210]
Event: 22.148 Thread 0x000000005b2e7000 Exception <a 'java/lang/NoSuchMethodError': <clinit>> (0x00000000e2c68ec8) thrown at [C:\src\android\AOSP-openjdk\external\jetbrains\jdk\hotspot\src\share\vm\prims\jni.cpp, line 1613]
Event: 22.150 Thread 0x000000005b2e7000 Exception <a 'java/lang/NoSuchMethodError': <clinit>> (0x00000000e2c76768) thrown at [C:\src\android\AOSP-openjdk\external\jetbrains\jdk\hotspot\src\share\vm\prims\jni.cpp, line 1613]
Event: 22.184 Thread 0x000000005b2e7000 Exception <a 'java/lang/NoSuchMethodError': <clinit>> (0x00000000e2d0ff90) thrown at [C:\src\android\AOSP-openjdk\external\jetbrains\jdk\hotspot\src\share\vm\prims\jni.cpp, line 1613]
Event: 22.187 Thread 0x000000005b2e7000 Exception <a 'java/lang/NoSuchMethodError': <clinit>> (0x00000000e2d28ce8) thrown at [C:\src\android\AOSP-openjdk\external\jetbrains\jdk\hotspot\src\share\vm\prims\jni.cpp, line 1613]
Event: 22.187 Thread 0x000000005b2e7000 Exception <a 'java/lang/NoSuchMethodError': <clinit>> (0x00000000e2d2a968) thrown at [C:\src\android\AOSP-openjdk\external\jetbrains\jdk\hotspot\src\share\vm\prims\jni.cpp, line 1613]
Event: 28.109 Thread 0x000000005ae9a800 Exception <a 'java/lang/NoSuchMethodError': <clinit>> (0x00000000e89383b0) thrown at [C:\src\android\AOSP-openjdk\external\jetbrains\jdk\hotspot\src\share\vm\prims\jni.cpp, line 1613]
Event: 29.525 Thread 0x000000005b2e7000 Exception <a 'java/io/FileNotFoundException'> (0x00000000e3238638) thrown at [C:\src\android\AOSP-openjdk\external\jetbrains\jdk\hotspot\src\share\vm\prims\jni.cpp, line 709]

Events (10 events):
Event: 32.348 loading class org/objectweb/asm/tree/TypeAnnotationNode
Event: 32.348 loading class org/objectweb/asm/tree/TypeAnnotationNode done
Event: 32.348 loading class org/objectweb/asm/tree/AnnotationNode
Event: 32.348 loading class org/objectweb/asm/tree/AnnotationNode done
Event: 32.349 loading class org/objectweb/asm/tree/FieldNode
Event: 32.349 loading class org/objectweb/asm/tree/FieldNode done
Event: 32.350 loading class org/objectweb/asm/Attribute
Event: 32.350 loading class org/objectweb/asm/Attribute done
Event: 32.350 loading class org/objectweb/asm/Context
Event: 32.350 loading class org/objectweb/asm/Context done


Dynamic libraries:
0x000000013f750000 - 0x000000013f781000 	C:\Program Files\Android\Android Studio\jre\bin\java.exe
0x00000000778f0000 - 0x0000000077a9a000 	C:\windows\SYSTEM32\ntdll.dll
0x00000000777d0000 - 0x00000000778ef000 	C:\windows\system32\kernel32.dll
0x000007fefd930000 - 0x000007fefd99a000 	C:\windows\system32\KERNELBASE.dll
0x000007feff390000 - 0x000007feff46b000 	C:\windows\system32\ADVAPI32.dll
0x000007fefdb50000 - 0x000007fefdbef000 	C:\windows\system32\msvcrt.dll
0x000007fefd9a0000 - 0x000007fefd9bf000 	C:\windows\SYSTEM32\sechost.dll
0x000007fefda20000 - 0x000007fefdb4d000 	C:\windows\system32\RPCRT4.dll
0x00000000776d0000 - 0x00000000777ca000 	C:\windows\system32\USER32.dll
0x000007feff470000 - 0x000007feff4d7000 	C:\windows\system32\GDI32.dll
0x000007feffbf0000 - 0x000007feffbfe000 	C:\windows\system32\LPK.dll
0x000007feffb20000 - 0x000007feffbea000 	C:\windows\system32\USP10.dll
0x000007fefbf50000 - 0x000007fefc144000 	C:\windows\WinSxS\amd64_microsoft.windows.common-controls_6595b64144ccf1df_6.0.7601.18837_none_fa3b1e3d17594757\COMCTL32.dll
0x000007fefde00000 - 0x000007fefde71000 	C:\windows\system32\SHLWAPI.dll
0x000007fefef40000 - 0x000007fefef6e000 	C:\windows\system32\IMM32.DLL
0x000007feff4e0000 - 0x000007feff5e9000 	C:\windows\system32\MSCTF.dll
0x000007feee1e0000 - 0x000007feee287000 	C:\Program Files\McAfee\Host Intrusion Prevention\HcApi.dll
0x0000000070350000 - 0x000000007035c000 	C:\Program Files\McAfee\Host Intrusion Prevention\HcThe.dll
0x0000000063c80000 - 0x0000000063d52000 	C:\Program Files\Android\Android Studio\jre\jre\bin\msvcr100.dll
0x0000000063d60000 - 0x000000006459c000 	C:\Program Files\Android\Android Studio\jre\jre\bin\server\jvm.dll
0x000007fef58b0000 - 0x000007fef58b9000 	C:\windows\system32\WSOCK32.dll
0x0000000000390000 - 0x00000000003dd000 	C:\windows\system32\WS2_32.dll
0x000007fefd9c0000 - 0x000007fefd9c8000 	C:\windows\system32\NSI.dll
0x000007fefb650000 - 0x000007fefb68b000 	C:\windows\system32\WINMM.dll
0x000007fefc6f0000 - 0x000007fefc6fc000 	C:\windows\system32\VERSION.dll
0x0000000077ab0000 - 0x0000000077ab7000 	C:\windows\system32\PSAPI.DLL
0x000007fefad30000 - 0x000007fefad3f000 	C:\Program Files\Android\Android Studio\jre\jre\bin\verify.dll
0x000007feefbb0000 - 0x000007feefbd9000 	C:\Program Files\Android\Android Studio\jre\jre\bin\java.dll
0x000007feefc30000 - 0x000007feefc46000 	C:\Program Files\Android\Android Studio\jre\jre\bin\zip.dll
0x000007fefdee0000 - 0x000007fefec6a000 	C:\windows\system32\SHELL32.dll
0x000007feff050000 - 0x000007feff24c000 	C:\windows\system32\ole32.dll
0x000007fefd5e0000 - 0x000007fefd5ef000 	C:\windows\system32\profapi.dll
0x000007feefbf0000 - 0x000007feefc0a000 	C:\Program Files\Android\Android Studio\jre\jre\bin\net.dll
0x0000000180000000 - 0x000000018006d000 	C:\windows\system32\LavasoftTcpService64.dll
0x000007fefcda0000 - 0x000007fefcdf5000 	C:\windows\system32\MSWSOCK.dll
0x000007fefc710000 - 0x000007fefc737000 	C:\windows\system32\IPHLPAPI.DLL
0x000007fefc700000 - 0x000007fefc70b000 	C:\windows\system32\WINNSI.DLL
0x000007fefef70000 - 0x000007feff04a000 	C:\windows\system32\OLEAUT32.dll
0x000007fefd3f0000 - 0x000007fefd415000 	C:\windows\system32\SspiCli.dll
0x000007fefcfd0000 - 0x000007fefcfd7000 	C:\windows\System32\wship6.dll
0x000007fefd480000 - 0x000007fefd48f000 	C:\windows\system32\CRYPTBASE.dll
0x000007fefbdc0000 - 0x000007fefbe16000 	C:\windows\system32\uxtheme.dll
0x000007fee5850000 - 0x000007fee5861000 	C:\Program Files\Android\Android Studio\jre\jre\bin\nio.dll
0x00000000592f0000 - 0x0000000059415000 	C:\windows\system32\rlls64.dll
0x000007fef8f60000 - 0x000007fef8fb4000 	C:\windows\system32\OLEACC.dll
0x000007feff7f0000 - 0x000007feffb11000 	C:\windows\system32\WININET.dll
0x000007fefd920000 - 0x000007fefd924000 	C:\windows\system32\api-ms-win-downlevel-user32-l1-1-0.dll
0x000007fefd700000 - 0x000007fefd704000 	C:\windows\system32\api-ms-win-downlevel-shlwapi-l1-1-0.dll
0x000007fefd6e0000 - 0x000007fefd6e4000 	C:\windows\system32\api-ms-win-downlevel-version-l1-1-0.dll
0x000007fefd6a0000 - 0x000007fefd6a3000 	C:\windows\system32\api-ms-win-downlevel-normaliz-l1-1-0.dll
0x0000000077ac0000 - 0x0000000077ac3000 	C:\windows\system32\normaliz.DLL
0x000007fefec70000 - 0x000007fefef3a000 	C:\windows\system32\iertutil.dll
0x000007fefd6d0000 - 0x000007fefd6d5000 	C:\windows\system32\api-ms-win-downlevel-advapi32-l1-1-0.dll
0x000007fefd8c0000 - 0x000007fefd8de000 	C:\windows\system32\USERENV.dll
0x000007fefc5e0000 - 0x000007fefc60d000 	C:\windows\system32\ntmarta.dll
0x000007fefde80000 - 0x000007fefded2000 	C:\windows\system32\WLDAP32.dll
0x000007fefcb70000 - 0x000007fefcbc8000 	C:\windows\system32\Schannel.dll
0x000007fefd750000 - 0x000007fefd8bd000 	C:\windows\system32\CRYPT32.dll
0x000007fefd5f0000 - 0x000007fefd5ff000 	C:\windows\system32\MSASN1.dll
0x000007fee57e0000 - 0x000007fee57fe000 	C:\Users\agr\.gradle\native\23\windows-amd64\native-platform.dll
0x000007fef3a70000 - 0x000007fef3b95000 	C:\windows\system32\dbghelp.dll
0x000007fefc6d0000 - 0x000007fefc6d7000 	C:\windows\System32\wshtcpip.dll
0x000007feff250000 - 0x000007feff2e9000 	C:\windows\system32\CLBCatQ.DLL
0x000007fefcef0000 - 0x000007fefcf08000 	C:\windows\system32\CRYPTSP.dll
0x000007fefcae0000 - 0x000007fefcb27000 	C:\windows\system32\rsaenh.dll
0x000007fefd530000 - 0x000007fefd544000 	C:\windows\system32\RpcRtRemote.dll
0x000007fefd490000 - 0x000007fefd521000 	C:\windows\system32\SXS.DLL
0x000007fefa6c0000 - 0x000007fefa6d8000 	C:\windows\system32\dhcpcsvc.DLL
0x000007fefa730000 - 0x000007fefa741000 	C:\windows\system32\dhcpcsvc6.DLL
0x000007fefadb0000 - 0x000007fefadbd000 	C:\Program Files\Android\Android Studio\jre\jre\bin\management.dll
0x000007fefd420000 - 0x000007fefd477000 	C:\windows\system32\apphelp.dll

VM Arguments:
jvm_args: -Xmx1536m -Dfile.encoding=windows-1252 -Duser.country=GB -Duser.language=en -Duser.variant 
java_command: org.gradle.launcher.daemon.bootstrap.GradleDaemon 3.3
java_class_path (initial): C:\Users\agr\.gradle\wrapper\dists\gradle-3.3-all\55gk2rcmfc6p2dg9u9ohc3hw9\gradle-3.3\lib\gradle-launcher-3.3.jar
Launcher Type: SUN_STANDARD

Environment Variables:
PATH=C:\Program Files\Common Files\Microsoft Shared\Windows Live;C:\Program Files (x86)\Common Files\Microsoft Shared\Windows Live;C:\Program Files (x86)\TCL\bin;C:\windows\system32;C:\windows;C:\windows\System32\Wbem;C:\windows\System32\WindowsPowerShell\v1.0\;C:\Program Files (x86)\cvsnt;C:\Program Files (x86)\Common Files\GTK\2.0\bin;C:\Program Files\TortoiseSVN\bin;C:\Program Files\Lenovo\Fingerprint Manager Pro\;C:\iverilog\bin;C:\Program Files (x86)\Skype\Phone\;C:\Program Files\TortoiseGit\bin;C:\Program Files (x86)\Windows Live\Shared;C:\Program Files\Intel\WiFi\bin\;C:\Program Files\Common Files\Intel\WirelessCommon\;C:\Program Files\nodejs\;C:\Program Files\Microsoft SQL Server\130\Tools\Binn\;C:\Program Files (x86)\Mozilla Firefox;C:\Program Files (x86)\Mozilla Firefox;C:\Program Files (x86)\TCL\bin;C:\windows\system32;C:\windows;C:\windows\System32\Wbem;C:\windows\System32\WindowsPowerShell\v1.0\;C:\Program Files (x86)\cvsnt;C:\Program Files (x86)\Common Files\GTK\2.0\bin;C:\Program Files\TortoiseSVN\bin;C:\Program Files\Lenovo\Fingerprint Manager Pro\;C:\iverilog\bin;C:\Program Files (x86)\Skype\Phone\;C:\Users\agr\AppData\Roaming\npm
USERNAME=agr
OS=Windows_NT
PROCESSOR_IDENTIFIER=Intel64 Family 6 Model 69 Stepping 1, GenuineIntel



---------------  S Y S T E M  ---------------

OS: Windows 7 , 64 bit Build 7601 (6.1.7601.23796)

CPU:total 4 (2 cores per cpu, 2 threads per core) family 6 model 69 stepping 1, cmov, cx8, fxsr, mmx, sse, sse2, sse3, ssse3, sse4.1, sse4.2, popcnt, avx, avx2, aes, clmul, erms, lzcnt, ht, tsc, tscinvbit, bmi1, bmi2

Memory: 4k page, physical 8068768k(58564k free), swap 12816860k(5300k free)

vm_info: OpenJDK 64-Bit Server VM (25.112-b06) for windows-amd64 JRE (1.8.0_112-release-b06), built on Dec  8 2016 00:54:26 by "builder" with MS VC++ 10.0 (VS2010)

time: Mon May 29 18:52:32 2017
elapsed time: 32 seconds (0d 0h 0m 32s)

